<?xml version="1.0" encoding="UTF-8"?>
<!-- Generated by org.testng.reporters.JUnitReportReporter -->
<testsuite hostname="DESKTOP-MAFL5QB" failures="0" tests="1" name="testCases.TC01_AccountRegistrationTest" time="4.375" errors="0" timestamp="2024-09-14T23:16:01 IST" skipped="0">
  <testcase classname="testCases.TC01_AccountRegistrationTest" name="verifyAccountRegistration" time="4.375"/>
</testsuite> <!-- testCases.TC01_AccountRegistrationTest -->
