<?xml version="1.0" encoding="UTF-8"?>
<!-- Generated by org.testng.reporters.JUnitReportReporter -->
<testsuite hostname="DESKTOP-MAFL5QB" failures="0" tests="1" name="testCases.TC02_LoginTest" time="1.879" errors="0" timestamp="2024-09-14T23:23:18 IST" skipped="0">
  <testcase classname="testCases.TC02_LoginTest" name="verifyLogin" time="1.879"/>
</testsuite> <!-- testCases.TC02_LoginTest -->
