<?xml version="1.0" encoding="UTF-8"?>
<!-- Generated by org.testng.reporters.JUnitReportReporter -->
<testsuite hostname="DESKTOP-MAFL5QB" failures="0" tests="1" name="testCases.TC04_JSE_LoginTest" time="6.312" errors="0" timestamp="2024-09-28T23:02:51 IST" skipped="0">
  <testcase classname="testCases.TC04_JSE_LoginTest" name="login" time="6.312"/>
</testsuite> <!-- testCases.TC04_JSE_LoginTest -->
