<?xml version="1.0" encoding="UTF-8"?>
<!-- Generated by org.testng.reporters.JUnitReportReporter -->
<testsuite hostname="DESKTOP-MAFL5QB" failures="0" tests="1" name="testCases.TC04_JavascriptExecutor_Test" time="11.297" errors="0" timestamp="2024-09-23T21:35:13 IST" skipped="0">
  <testcase classname="testCases.TC04_JavascriptExecutor_Test" name="login" time="11.297"/>
</testsuite> <!-- testCases.TC04_JavascriptExecutor_Test -->
