<?xml version="1.0" encoding="UTF-8"?>
<!-- Generated by org.testng.reporters.JUnitReportReporter -->
<testsuite hostname="DESKTOP-MAFL5QB" failures="0" tests="1" name="testCases.TC02_LoginTest" time="0.959" errors="0" timestamp="2024-09-23T19:34:12 IST" skipped="0">
  <testcase classname="testCases.TC02_LoginTest" name="verifyLogin" time="0.959"/>
</testsuite> <!-- testCases.TC02_LoginTest -->
